{"C:\\Curso React TS Udemy\\rest-api-node-ts-server\\src\\router.ts": {"path":"C:\\Curso React TS Udemy\\rest-api-node-ts-server\\src\\router.ts","statementMap":{"0":{"start":{"line":1,"column":0},"end":{"line":1,"column":33}},"1":{"start":{"line":2,"column":0},"end":{"line":2,"column":null}},"2":{"start":{"line":10,"column":0},"end":{"line":10,"column":48}},"3":{"start":{"line":11,"column":0},"end":{"line":11,"column":49}},"4":{"start":{"line":13,"column":15},"end":{"line":13,"column":23}},"5":{"start":{"line":17,"column":0},"end":{"line":17,"column":29}},"6":{"start":{"line":18,"column":0},"end":{"line":23,"column":2}},"7":{"start":{"line":26,"column":0},"end":{"line":42,"column":2}},"8":{"start":{"line":36,"column":23},"end":{"line":36,"column":32}},"9":{"start":{"line":44,"column":0},"end":{"line":65,"column":2}},"10":{"start":{"line":57,"column":23},"end":{"line":57,"column":32}},"11":{"start":{"line":67,"column":0},"end":{"line":72,"column":2}},"12":{"start":{"line":74,"column":0},"end":{"line":79,"column":2}},"13":{"start":{"line":81,"column":0},"end":{"line":81,"column":22}}},"fnMap":{"0":{"name":"(anonymous_0)","decl":{"start":{"line":36,"column":12},"end":{"line":36,"column":13}},"loc":{"start":{"line":36,"column":23},"end":{"line":36,"column":32}}},"1":{"name":"(anonymous_1)","decl":{"start":{"line":57,"column":12},"end":{"line":57,"column":13}},"loc":{"start":{"line":57,"column":23},"end":{"line":57,"column":32}}}},"branchMap":{},"s":{"0":2,"1":2,"2":2,"3":2,"4":2,"5":2,"6":2,"7":2,"8":4,"9":2,"10":5,"11":2,"12":2,"13":2},"f":{"0":4,"1":5},"b":{}}
,"C:\\Curso React TS Udemy\\rest-api-node-ts-server\\src\\server.ts": {"path":"C:\\Curso React TS Udemy\\rest-api-node-ts-server\\src\\server.ts","statementMap":{"0":{"start":{"line":9,"column":0},"end":{"line":9,"column":7}},"1":{"start":{"line":2,"column":0},"end":{"line":2,"column":28}},"2":{"start":{"line":4,"column":0},"end":{"line":4,"column":30}},"3":{"start":{"line":5,"column":0},"end":{"line":5,"column":30}},"4":{"start":{"line":6,"column":0},"end":{"line":6,"column":29}},"5":{"start":{"line":10,"column":2},"end":{"line":16,"column":3}},"6":{"start":{"line":11,"column":4},"end":{"line":11,"column":28}},"7":{"start":{"line":12,"column":4},"end":{"line":12,"column":14}},"8":{"start":{"line":15,"column":4},"end":{"line":15,"column":84}},"9":{"start":{"line":19,"column":0},"end":{"line":19,"column":12}},"10":{"start":{"line":20,"column":15},"end":{"line":20,"column":24}},"11":{"start":{"line":23,"column":0},"end":{"line":23,"column":27}},"12":{"start":{"line":25,"column":0},"end":{"line":25,"column":36}},"13":{"start":{"line":27,"column":0},"end":{"line":29,"column":null}},"14":{"start":{"line":28,"column":2},"end":{"line":28,"column":null}},"15":{"start":{"line":31,"column":0},"end":{"line":31,"column":22}}},"fnMap":{"0":{"name":"connectBD","decl":{"start":{"line":9,"column":22},"end":{"line":9,"column":31}},"loc":{"start":{"line":9,"column":31},"end":{"line":17,"column":1}}},"1":{"name":"(anonymous_2)","decl":{"start":{"line":27,"column":19},"end":{"line":27,"column":20}},"loc":{"start":{"line":27,"column":32},"end":{"line":29,"column":1}}}},"branchMap":{},"s":{"0":2,"1":2,"2":2,"3":2,"4":2,"5":3,"6":3,"7":2,"8":1,"9":2,"10":2,"11":2,"12":2,"13":2,"14":1,"15":2},"f":{"0":3,"1":1},"b":{}}
,"C:\\Curso React TS Udemy\\rest-api-node-ts-server\\src\\config\\db.ts": {"path":"C:\\Curso React TS Udemy\\rest-api-node-ts-server\\src\\config\\db.ts","statementMap":{"0":{"start":{"line":7,"column":0},"end":{"line":7,"column":49}},"1":{"start":{"line":9,"column":0},"end":{"line":9,"column":28}},"2":{"start":{"line":10,"column":0},"end":{"line":10,"column":46}},"3":{"start":{"line":11,"column":0},"end":{"line":11,"column":16}},"4":{"start":{"line":16,"column":11},"end":{"line":20,"column":2}},"5":{"start":{"line":23,"column":0},"end":{"line":23,"column":null}},"6":{"start":{"line":25,"column":0},"end":{"line":25,"column":18}}},"fnMap":{},"branchMap":{},"s":{"0":2,"1":2,"2":2,"3":2,"4":2,"5":2,"6":2},"f":{},"b":{}}
,"C:\\Curso React TS Udemy\\rest-api-node-ts-server\\src\\handlers\\product.ts": {"path":"C:\\Curso React TS Udemy\\rest-api-node-ts-server\\src\\handlers\\product.ts","statementMap":{"0":{"start":{"line":2,"column":0},"end":{"line":2,"column":46}},"1":{"start":{"line":4,"column":30},"end":{"line":16,"column":1}},"2":{"start":{"line":6,"column":17},"end":{"line":6,"column":31}},"3":{"start":{"line":7,"column":18},"end":{"line":7,"column":44}},"4":{"start":{"line":10,"column":2},"end":{"line":13,"column":3}},"5":{"start":{"line":11,"column":4},"end":{"line":11,"column":62}},"6":{"start":{"line":12,"column":4},"end":{"line":12,"column":11}},"7":{"start":{"line":15,"column":2},"end":{"line":15,"column":35}},"8":{"start":{"line":4,"column":13},"end":{"line":4,"column":30}},"9":{"start":{"line":18,"column":27},"end":{"line":23,"column":1}},"10":{"start":{"line":19,"column":19},"end":{"line":19,"column":42}},"11":{"start":{"line":20,"column":2},"end":{"line":22,"column":5}},"12":{"start":{"line":18,"column":13},"end":{"line":18,"column":27}},"13":{"start":{"line":25,"column":29},"end":{"line":32,"column":1}},"14":{"start":{"line":26,"column":18},"end":{"line":26,"column":52}},"15":{"start":{"line":29,"column":2},"end":{"line":31,"column":5}},"16":{"start":{"line":25,"column":13},"end":{"line":25,"column":29}},"17":{"start":{"line":34,"column":29},"end":{"line":50,"column":1}},"18":{"start":{"line":36,"column":17},"end":{"line":36,"column":31}},"19":{"start":{"line":37,"column":18},"end":{"line":37,"column":44}},"20":{"start":{"line":40,"column":2},"end":{"line":43,"column":3}},"21":{"start":{"line":41,"column":4},"end":{"line":41,"column":62}},"22":{"start":{"line":42,"column":4},"end":{"line":42,"column":11}},"23":{"start":{"line":46,"column":2},"end":{"line":46,"column":37}},"24":{"start":{"line":47,"column":2},"end":{"line":47,"column":23}},"25":{"start":{"line":49,"column":2},"end":{"line":49,"column":35}},"26":{"start":{"line":34,"column":13},"end":{"line":34,"column":29}},"27":{"start":{"line":52,"column":41},"end":{"line":71,"column":1}},"28":{"start":{"line":57,"column":17},"end":{"line":57,"column":31}},"29":{"start":{"line":58,"column":18},"end":{"line":58,"column":44}},"30":{"start":{"line":61,"column":2},"end":{"line":64,"column":3}},"31":{"start":{"line":62,"column":4},"end":{"line":62,"column":62}},"32":{"start":{"line":63,"column":4},"end":{"line":63,"column":11}},"33":{"start":{"line":67,"column":2},"end":{"line":67,"column":58}},"34":{"start":{"line":68,"column":2},"end":{"line":68,"column":23}},"35":{"start":{"line":70,"column":2},"end":{"line":70,"column":35}},"36":{"start":{"line":52,"column":13},"end":{"line":52,"column":41}},"37":{"start":{"line":73,"column":29},"end":{"line":88,"column":1}},"38":{"start":{"line":75,"column":17},"end":{"line":75,"column":31}},"39":{"start":{"line":76,"column":18},"end":{"line":76,"column":44}},"40":{"start":{"line":79,"column":2},"end":{"line":82,"column":3}},"41":{"start":{"line":80,"column":4},"end":{"line":80,"column":62}},"42":{"start":{"line":81,"column":4},"end":{"line":81,"column":11}},"43":{"start":{"line":85,"column":2},"end":{"line":85,"column":26}},"44":{"start":{"line":87,"column":2},"end":{"line":87,"column":53}},"45":{"start":{"line":73,"column":13},"end":{"line":73,"column":29}}},"fnMap":{"0":{"name":"(anonymous_1)","decl":{"start":{"line":4,"column":30},"end":{"line":4,"column":35}},"loc":{"start":{"line":4,"column":77},"end":{"line":16,"column":1}}},"1":{"name":"(anonymous_2)","decl":{"start":{"line":18,"column":27},"end":{"line":18,"column":32}},"loc":{"start":{"line":18,"column":74},"end":{"line":23,"column":1}}},"2":{"name":"(anonymous_3)","decl":{"start":{"line":25,"column":29},"end":{"line":25,"column":34}},"loc":{"start":{"line":25,"column":76},"end":{"line":32,"column":1}}},"3":{"name":"(anonymous_4)","decl":{"start":{"line":34,"column":29},"end":{"line":34,"column":34}},"loc":{"start":{"line":34,"column":76},"end":{"line":50,"column":1}}},"4":{"name":"(anonymous_5)","decl":{"start":{"line":52,"column":41},"end":{"line":52,"column":46}},"loc":{"start":{"line":55,"column":4},"end":{"line":71,"column":1}}},"5":{"name":"(anonymous_6)","decl":{"start":{"line":73,"column":29},"end":{"line":73,"column":34}},"loc":{"start":{"line":73,"column":76},"end":{"line":88,"column":1}}}},"branchMap":{"0":{"loc":{"start":{"line":10,"column":2},"end":{"line":13,"column":3}},"type":"if","locations":[{"start":{"line":10,"column":2},"end":{"line":13,"column":3}}]},"1":{"loc":{"start":{"line":40,"column":2},"end":{"line":43,"column":3}},"type":"if","locations":[{"start":{"line":40,"column":2},"end":{"line":43,"column":3}}]},"2":{"loc":{"start":{"line":61,"column":2},"end":{"line":64,"column":3}},"type":"if","locations":[{"start":{"line":61,"column":2},"end":{"line":64,"column":3}}]},"3":{"loc":{"start":{"line":79,"column":2},"end":{"line":82,"column":3}},"type":"if","locations":[{"start":{"line":79,"column":2},"end":{"line":82,"column":3}}]}},"s":{"0":2,"1":2,"2":2,"3":2,"4":2,"5":1,"6":1,"7":1,"8":2,"9":2,"10":2,"11":2,"12":2,"13":2,"14":1,"15":1,"16":2,"17":2,"18":2,"19":2,"20":2,"21":1,"22":1,"23":1,"24":1,"25":1,"26":2,"27":2,"28":2,"29":2,"30":2,"31":1,"32":1,"33":1,"34":1,"35":1,"36":2,"37":2,"38":2,"39":2,"40":2,"41":1,"42":1,"43":1,"44":1,"45":2},"f":{"0":2,"1":2,"2":1,"3":2,"4":2,"5":2},"b":{"0":[1],"1":[1],"2":[1],"3":[1]}}
,"C:\\Curso React TS Udemy\\rest-api-node-ts-server\\src\\middleware\\index.ts": {"path":"C:\\Curso React TS Udemy\\rest-api-node-ts-server\\src\\middleware\\index.ts","statementMap":{"0":{"start":{"line":1,"column":0},"end":{"line":1,"column":53}},"1":{"start":{"line":4,"column":33},"end":{"line":17,"column":1}},"2":{"start":{"line":10,"column":17},"end":{"line":10,"column":42}},"3":{"start":{"line":11,"column":4},"end":{"line":14,"column":5}},"4":{"start":{"line":12,"column":6},"end":{"line":12,"column":60}},"5":{"start":{"line":13,"column":6},"end":{"line":13,"column":13}},"6":{"start":{"line":16,"column":2},"end":{"line":16,"column":9}},"7":{"start":{"line":4,"column":13},"end":{"line":4,"column":33}}},"fnMap":{"0":{"name":"(anonymous_0)","decl":{"start":{"line":4,"column":33},"end":{"line":4,"column":null}},"loc":{"start":{"line":8,"column":4},"end":{"line":17,"column":1}}}},"branchMap":{"0":{"loc":{"start":{"line":11,"column":4},"end":{"line":14,"column":5}},"type":"if","locations":[{"start":{"line":11,"column":4},"end":{"line":14,"column":5}}]}},"s":{"0":2,"1":2,"2":17,"3":17,"4":8,"5":8,"6":9,"7":2},"f":{"0":17},"b":{"0":[8]}}
,"C:\\Curso React TS Udemy\\rest-api-node-ts-server\\src\\models\\Product.model.ts": {"path":"C:\\Curso React TS Udemy\\rest-api-node-ts-server\\src\\models\\Product.model.ts","statementMap":{"0":{"start":{"line":1,"column":0},"end":{"line":1,"column":79}},"1":{"start":{"line":7,"column":0},"end":{"line":24,"column":null}},"2":{"start":{"line":11,"column":10},"end":{"line":11,"column":null}},"3":{"start":{"line":16,"column":10},"end":{"line":16,"column":null}},"4":{"start":{"line":23,"column":10},"end":{"line":23,"column":null}},"5":{"start":{"line":7,"column":6},"end":{"line":24,"column":null}},"6":{"start":{"line":29,"column":0},"end":{"line":29,"column":23}}},"fnMap":{},"branchMap":{},"s":{"0":3,"1":3,"2":3,"3":3,"4":3,"5":3,"6":3},"f":{},"b":{}}
}
